<?xml version="1.0" encoding="UTF-8"?>
<!-- Generated by org.testng.reporters.JUnitReportReporter -->
<testsuite hostname="DESKTOP-USTF50U" failures="0" tests="2" name="RunnerFile.StepDefination" time="67.456" errors="0" timestamp="2023-03-17T12:36:02 IST" skipped="0">
  <testcase classname="RunnerFile.StepDefination" name="Login" time="5.357"/>
  <system-out/>
  <testcase classname="RunnerFile.StepDefination" name="MasterData" time="62.099"/>
  <system-out/>
</testsuite> <!-- RunnerFile.StepDefination -->
