<?xml version="1.0" encoding="UTF-8"?>
<!-- Generated by org.testng.reporters.JUnitReportReporter -->
<testsuite hostname="DESKTOP-USTF50U" failures="0" tests="2" name="RunnerFile.StepDefination" time="48.499" errors="0" timestamp="2023-03-20T13:44:41 IST" skipped="0">
  <testcase classname="RunnerFile.StepDefination" name="Login" time="26.490"/>
  <system-out/>
  <testcase classname="RunnerFile.StepDefination" name="MasterData" time="22.009"/>
  <system-out/>
</testsuite> <!-- RunnerFile.StepDefination -->
