<?xml version="1.0" encoding="UTF-8"?>
<!-- Generated by org.testng.reporters.JUnitReportReporter -->
<testsuite skipped="0" hostname="DESKTOP-USTF50U" name="RunnerFile.StepDefination" tests="2" failures="0" timestamp="2023-02-22T14:44:13 IST" time="180.207" errors="0">
  <testcase name="Login" time="3.232" classname="RunnerFile.StepDefination"/>
  <system-out/>
  <testcase name="MasterData" time="176.975" classname="RunnerFile.StepDefination"/>
  <system-out/>
</testsuite> <!-- RunnerFile.StepDefination -->
