<?xml version="1.0" encoding="UTF-8"?>
<!-- Generated by org.testng.reporters.JUnitReportReporter -->
<testsuite hostname="DESKTOP-USTF50U" failures="0" tests="2" name="RunnerFile.StepDefination" time="33.679" errors="0" timestamp="2023-03-22T16:03:17 IST" skipped="0">
  <testcase classname="RunnerFile.StepDefination" name="Login" time="5.502"/>
  <system-out/>
  <testcase classname="RunnerFile.StepDefination" name="MasterData" time="28.177"/>
  <system-out/>
</testsuite> <!-- RunnerFile.StepDefination -->
