<?xml version="1.0" encoding="UTF-8"?>
<!-- Generated by org.testng.reporters.JUnitReportReporter -->
<testsuite hostname="DESKTOP-USTF50U" failures="0" tests="2" name="RunnerFile.StepDefination" time="61.337" errors="0" timestamp="2023-03-21T16:25:16 IST" skipped="0">
  <testcase classname="RunnerFile.StepDefination" name="Login" time="4.192"/>
  <system-out/>
  <testcase classname="RunnerFile.StepDefination" name="MasterData" time="57.145"/>
  <system-out/>
</testsuite> <!-- RunnerFile.StepDefination -->
