<?xml version="1.0" encoding="UTF-8"?>
<!-- Generated by org.testng.reporters.JUnitReportReporter -->
<testsuite skipped="0" hostname="DESKTOP-USTF50U" name="RunnerFile.StepDefination" tests="3" failures="0" timestamp="2023-02-20T12:17:14 IST" time="63.391" errors="0">
  <testcase name="Login" time="4.030" classname="RunnerFile.StepDefination"/>
  <system-out/>
  <testcase name="MasterData" time="48.541" classname="RunnerFile.StepDefination"/>
  <system-out/>
  <testcase name="LogOut" time="10.820" classname="RunnerFile.StepDefination"/>
  <system-out/>
</testsuite> <!-- RunnerFile.StepDefination -->
