<?xml version="1.0" encoding="UTF-8"?>
<!-- Generated by org.testng.reporters.JUnitReportReporter -->
<testsuite hostname="DESKTOP-USTF50U" failures="0" tests="2" name="RunnerFile.StepDefination" time="3.793" errors="0" timestamp="2023-04-06T19:46:14 IST" skipped="0">
  <testcase classname="RunnerFile.StepDefination" name="Login" time="3.792"/>
  <system-out/>
  <testcase classname="RunnerFile.StepDefination" name="MasterData" time="0.001"/>
  <system-out/>
</testsuite> <!-- RunnerFile.StepDefination -->
