<?xml version="1.0" encoding="UTF-8"?>
<!-- Generated by org.testng.reporters.JUnitReportReporter -->
<testsuite hostname="DESKTOP-USTF50U" failures="0" tests="2" name="RunnerFile.StepDefination" time="58.871" errors="0" timestamp="2023-04-06T13:31:35 IST" skipped="0">
  <testcase classname="RunnerFile.StepDefination" name="Login" time="3.851"/>
  <system-out/>
  <testcase classname="RunnerFile.StepDefination" name="MasterData" time="55.020"/>
  <system-out/>
</testsuite> <!-- RunnerFile.StepDefination -->
