<?xml version="1.0" encoding="UTF-8"?>
<!-- Generated by org.testng.reporters.JUnitReportReporter -->
<testsuite skipped="0" hostname="DESKTOP-USTF50U" name="RunnerFile.StepDefination" tests="2" failures="0" timestamp="2023-02-25T19:29:13 IST" time="37.838" errors="0">
  <testcase name="Login" time="5.470" classname="RunnerFile.StepDefination"/>
  <system-out/>
  <testcase name="MasterData" time="32.368" classname="RunnerFile.StepDefination"/>
  <system-out/>
</testsuite> <!-- RunnerFile.StepDefination -->
