<?xml version="1.0" encoding="UTF-8"?>
<!-- Generated by org.testng.reporters.JUnitReportReporter -->
<testsuite hostname="DESKTOP-USTF50U" failures="0" tests="2" name="RunnerFile.StepDefination" time="28.791" errors="0" timestamp="2023-03-21T12:58:23 IST" skipped="0">
  <testcase classname="RunnerFile.StepDefination" name="Login" time="5.550"/>
  <system-out/>
  <testcase classname="RunnerFile.StepDefination" name="MasterData" time="23.241"/>
  <system-out/>
</testsuite> <!-- RunnerFile.StepDefination -->
