<?xml version="1.0" encoding="UTF-8"?>
<!-- Generated by org.testng.reporters.JUnitReportReporter -->
<testsuite hostname="DESKTOP-USTF50U" failures="0" tests="2" name="RunnerFile.StepDefination" time="37.833" errors="0" timestamp="2023-03-10T18:27:43 IST" skipped="0">
  <testcase classname="RunnerFile.StepDefination" name="Login" time="3.301"/>
  <system-out/>
  <testcase classname="RunnerFile.StepDefination" name="MasterData" time="34.532"/>
  <system-out/>
</testsuite> <!-- RunnerFile.StepDefination -->
