<?xml version="1.0" encoding="UTF-8"?>
<!-- Generated by org.testng.reporters.JUnitReportReporter -->
<testsuite skipped="0" hostname="DESKTOP-USTF50U" name="RunnerFile.StepDefination" tests="3" failures="0" timestamp="2023-02-22T13:46:58 IST" time="80.985" errors="0">
  <testcase name="Login" time="2.601" classname="RunnerFile.StepDefination"/>
  <system-out/>
  <testcase name="MasterData" time="67.565" classname="RunnerFile.StepDefination"/>
  <system-out/>
  <testcase name="LogOut" time="10.819" classname="RunnerFile.StepDefination"/>
  <system-out/>
</testsuite> <!-- RunnerFile.StepDefination -->
