<?xml version="1.0" encoding="UTF-8"?>
<!-- Generated by org.testng.reporters.JUnitReportReporter -->
<testsuite skipped="0" hostname="DESKTOP-USTF50U" name="RunnerFile.StepDefination" tests="3" failures="0" timestamp="2023-02-16T18:10:48 IST" time="124.396" errors="0">
  <testcase name="Login" time="3.011" classname="RunnerFile.StepDefination"/>
  <system-out/>
  <testcase name="MasterData" time="110.524" classname="RunnerFile.StepDefination"/>
  <system-out/>
  <testcase name="LogOut" time="10.861" classname="RunnerFile.StepDefination"/>
  <system-out/>
</testsuite> <!-- RunnerFile.StepDefination -->
