<?xml version="1.0" encoding="UTF-8"?>
<!-- Generated by org.testng.reporters.JUnitReportReporter -->
<testsuite skipped="0" hostname="DESKTOP-USTF50U" name="RunnerFile.StepDefination" tests="2" failures="0" timestamp="2023-02-25T18:57:18 IST" time="10.968" errors="0">
  <testcase name="Login" time="2.425" classname="RunnerFile.StepDefination"/>
  <system-out/>
  <testcase name="MasterData" time="8.543" classname="RunnerFile.StepDefination"/>
  <system-out/>
</testsuite> <!-- RunnerFile.StepDefination -->
