<?xml version="1.0" encoding="UTF-8"?>
<!-- Generated by org.testng.reporters.JUnitReportReporter -->
<testsuite skipped="0" hostname="DESKTOP-USTF50U" name="RunnerFile.StepDefination" tests="3" failures="0" timestamp="2023-02-10T17:06:02 IST" time="106.861" errors="0">
  <testcase name="Login" time="2.902" classname="RunnerFile.StepDefination"/>
  <system-out/>
  <testcase name="MasterData" time="93.081" classname="RunnerFile.StepDefination"/>
  <system-out/>
  <testcase name="LogOut" time="10.878" classname="RunnerFile.StepDefination"/>
  <system-out/>
</testsuite> <!-- RunnerFile.StepDefination -->
