<?xml version="1.0" encoding="UTF-8"?>
<!-- Generated by org.testng.reporters.JUnitReportReporter -->
<testsuite hostname="DESKTOP-USTF50U" failures="0" tests="2" name="RunnerFile.StepDefination" time="9.181" errors="0" timestamp="2023-04-03T16:14:53 IST" skipped="0">
  <testcase classname="RunnerFile.StepDefination" name="Login" time="4.253"/>
  <system-out/>
  <testcase classname="RunnerFile.StepDefination" name="MasterData" time="4.928"/>
  <system-out/>
</testsuite> <!-- RunnerFile.StepDefination -->
